This is pdfTeX, Version 3.14159265-2.6-1.40.21 (TeX Live 2020/W32TeX) (preloaded format=pdflatex 2020.9.30)  21 MAY 2021 08:28
entering extended mode
 restricted \write18 enabled.
 %&-line parsing enabled.
**document.tex
(./document.tex
LaTeX2e <2020-02-02> patch level 5
L3 programming layer <2020-03-06>
(c:/texlive/2020/texmf-dist/tex/latex/base/article.cls
Document Class: article 2019/12/20 v1.4l Standard LaTeX document class
(c:/texlive/2020/texmf-dist/tex/latex/base/size10.clo
File: size10.clo 2019/12/20 v1.4l Standard LaTeX file (size option)
)
\c@part=\count167
\c@section=\count168
\c@subsection=\count169
\c@subsubsection=\count170
\c@paragraph=\count171
\c@subparagraph=\count172
\c@figure=\count173
\c@table=\count174
\abovecaptionskip=\skip47
\belowcaptionskip=\skip48
\bibindent=\dimen134
)
(c:/texlive/2020/texmf-dist/tex/latex/graphics/graphicx.sty
Package: graphicx 2019/11/30 v1.2a Enhanced LaTeX Graphics (DPC,SPQR)

(c:/texlive/2020/texmf-dist/tex/latex/graphics/keyval.sty
Package: keyval 2014/10/28 v1.15 key=value parser (DPC)
\KV@toks@=\toks15
)
(c:/texlive/2020/texmf-dist/tex/latex/graphics/graphics.sty
Package: graphics 2019/11/30 v1.4a Standard LaTeX Graphics (DPC,SPQR)

(c:/texlive/2020/texmf-dist/tex/latex/graphics/trig.sty
Package: trig 2016/01/03 v1.10 sin cos tan (DPC)
)
(c:/texlive/2020/texmf-dist/tex/latex/graphics-cfg/graphics.cfg
File: graphics.cfg 2016/06/04 v1.11 sample graphics configuration
)
Package graphics Info: Driver file: pdftex.def on input line 105.

(c:/texlive/2020/texmf-dist/tex/latex/graphics-def/pdftex.def
File: pdftex.def 2018/01/08 v1.0l Graphics/color driver for pdftex
))
\Gin@req@height=\dimen135
\Gin@req@width=\dimen136
)
(c:/texlive/2020/texmf-dist/tex/latex/listings/listings.sty
\lst@mode=\count175
\lst@gtempboxa=\box45
\lst@token=\toks16
\lst@length=\count176
\lst@currlwidth=\dimen137
\lst@column=\count177
\lst@pos=\count178
\lst@lostspace=\dimen138
\lst@width=\dimen139
\lst@newlines=\count179
\lst@lineno=\count180
\lst@maxwidth=\dimen140

(c:/texlive/2020/texmf-dist/tex/latex/listings/lstmisc.sty
File: lstmisc.sty 2020/03/24 1.8d (Carsten Heinz)
\c@lstnumber=\count181
\lst@skipnumbers=\count182
\lst@framebox=\box46
)
(c:/texlive/2020/texmf-dist/tex/latex/listings/listings.cfg
File: listings.cfg 2020/03/24 1.8d listings configuration
))
Package: listings 2020/03/24 1.8d (Carsten Heinz)

(c:/texlive/2020/texmf-dist/tex/latex/xcolor/xcolor.sty
Package: xcolor 2016/05/11 v2.12 LaTeX color extensions (UK)

(c:/texlive/2020/texmf-dist/tex/latex/graphics-cfg/color.cfg
File: color.cfg 2016/01/02 v1.6 sample color configuration
)
Package xcolor Info: Driver file: pdftex.def on input line 225.
Package xcolor Info: Model `cmy' substituted by `cmy0' on input line 1348.
Package xcolor Info: Model `hsb' substituted by `rgb' on input line 1352.
Package xcolor Info: Model `RGB' extended on input line 1364.
Package xcolor Info: Model `HTML' substituted by `rgb' on input line 1366.
Package xcolor Info: Model `Hsb' substituted by `hsb' on input line 1367.
Package xcolor Info: Model `tHsb' substituted by `hsb' on input line 1368.
Package xcolor Info: Model `HSB' substituted by `hsb' on input line 1369.
Package xcolor Info: Model `Gray' substituted by `gray' on input line 1370.
Package xcolor Info: Model `wave' substituted by `hsb' on input line 1371.
)
(c:/texlive/2020/texmf-dist/tex/latex/listings/lstlang1.sty
File: lstlang1.sty 2020/03/24 1.8d listings language file
)
(c:/texlive/2020/texmf-dist/tex/latex/l3backend/l3backend-pdfmode.def
File: l3backend-pdfmode.def 2020-03-12 L3 backend support: PDF mode
\l__kernel_color_stack_int=\count183
\l__pdf_internal_box=\box47
)
(./document.aux)
\openout1 = `document.aux'.

LaTeX Font Info:    Checking defaults for OML/cmm/m/it on input line 20.
LaTeX Font Info:    ... okay on input line 20.
LaTeX Font Info:    Checking defaults for OMS/cmsy/m/n on input line 20.
LaTeX Font Info:    ... okay on input line 20.
LaTeX Font Info:    Checking defaults for OT1/cmr/m/n on input line 20.
LaTeX Font Info:    ... okay on input line 20.
LaTeX Font Info:    Checking defaults for T1/cmr/m/n on input line 20.
LaTeX Font Info:    ... okay on input line 20.
LaTeX Font Info:    Checking defaults for TS1/cmr/m/n on input line 20.
LaTeX Font Info:    ... okay on input line 20.
LaTeX Font Info:    Checking defaults for OMX/cmex/m/n on input line 20.
LaTeX Font Info:    ... okay on input line 20.
LaTeX Font Info:    Checking defaults for U/cmr/m/n on input line 20.
LaTeX Font Info:    ... okay on input line 20.

(c:/texlive/2020/texmf-dist/tex/context/base/mkii/supp-pdf.mkii
[Loading MPS to PDF converter (version 2006.09.02).]
\scratchcounter=\count184
\scratchdimen=\dimen141
\scratchbox=\box48
\nofMPsegments=\count185
\nofMParguments=\count186
\everyMPshowfont=\toks17
\MPscratchCnt=\count187
\MPscratchDim=\dimen142
\MPnumerator=\count188
\makeMPintoPDFobject=\count189
\everyMPtoPDFconversion=\toks18
) (c:/texlive/2020/texmf-dist/tex/latex/epstopdf-pkg/epstopdf-base.sty
Package: epstopdf-base 2020-01-24 v2.11 Base part for package epstopdf
Package epstopdf-base Info: Redefining graphics rule for `.eps' on input line 4
85.

(c:/texlive/2020/texmf-dist/tex/latex/latexconfig/epstopdf-sys.cfg
File: epstopdf-sys.cfg 2010/07/13 v1.3 Configuration of (r)epstopdf for TeX Liv
e
))
\c@lstlisting=\count190
LaTeX Font Info:    External font `cmex10' loaded for size
(Font)              <12> on input line 28.
LaTeX Font Info:    External font `cmex10' loaded for size
(Font)              <8> on input line 28.
LaTeX Font Info:    External font `cmex10' loaded for size
(Font)              <6> on input line 28.
<before.jpg, id=1, 770.88pt x 578.16pt>
File: before.jpg Graphic file (type jpg)
<use before.jpg>
Package pdftex.def Info: before.jpg  used on input line 57.
(pdftex.def)             Requested size: 345.0pt x 258.74925pt.
 [1

{c:/texlive/2020/texmf-var/fonts/map/pdftex/updmap/pdftex.map}]
<dlt.png, id=16, 900.36375pt x 730.73pt>
File: dlt.png Graphic file (type png)
<use dlt.png>
Package pdftex.def Info: dlt.png  used on input line 70.
(pdftex.def)             Requested size: 345.0pt x 279.99948pt.

Overfull \hbox (15.0pt too wide) in paragraph at lines 70--71
[][] 
 []

[2 <./before.jpg>]
<k.png, id=21, 309.40594pt x 53.44969pt>
File: k.png Graphic file (type png)
<use k.png>
Package pdftex.def Info: k.png  used on input line 76.
(pdftex.def)             Requested size: 284.52756pt x 49.15634pt.
<r.png, id=22, 270.25969pt x 54.2025pt>
File: r.png Graphic file (type png)
<use r.png>
Package pdftex.def Info: r.png  used on input line 78.
(pdftex.def)             Requested size: 284.52756pt x 57.06564pt.
<t.png, id=23, 258.21469pt x 26.34843pt>
File: t.png Graphic file (type png)
<use t.png>
Package pdftex.def Info: t.png  used on input line 80.
(pdftex.def)             Requested size: 284.52756pt x 29.03601pt.
 [3 <./dlt.png> <./k.png> <./r.png> <./t.png>]
Underfull \hbox (badness 10000) in paragraph at lines 85--87

 []

LaTeX Font Info:    External font `cmex10' loaded for size
(Font)              <7> on input line 88.
LaTeX Font Info:    External font `cmex10' loaded for size
(Font)              <5> on input line 88.

Underfull \hbox (badness 10000) in paragraph at lines 97--98

 []

<shrink.png, id=31, 433.62pt x 289.08pt>
File: shrink.png Graphic file (type png)
<use shrink.png>
Package pdftex.def Info: shrink.png  used on input line 99.
(pdftex.def)             Requested size: 284.52756pt x 189.69504pt.
<k2.png, id=32, 236.38312pt x 51.94406pt>
File: k2.png Graphic file (type png)
<use k2.png>
Package pdftex.def Info: k2.png  used on input line 101.
(pdftex.def)             Requested size: 284.52756pt x 62.52515pt.
<r2.png, id=33, 218.31563pt x 46.67438pt>
File: r2.png Graphic file (type png)
<use r2.png>
Package pdftex.def Info: r2.png  used on input line 103.
(pdftex.def)             Requested size: 284.52756pt x 60.83047pt.
<t2.png, id=34, 222.07968pt x 23.33719pt>
File: t2.png Graphic file (type png)
<use t2.png>
Package pdftex.def Info: t2.png  used on input line 105.
(pdftex.def)             Requested size: 284.52756pt x 29.90138pt.
[4 <./shrink.png> <./k2.png>]
Underfull \hbox (badness 10000) in paragraph at lines 117--118

 []

[5 <./r2.png> <./t2.png>]
<l.png, id=49, 433.62pt x 289.08pt>
File: l.png Graphic file (type png)
<use l.png>
Package pdftex.def Info: l.png  used on input line 147.
(pdftex.def)             Requested size: 345.0pt x 230.01158pt.
<afterdlt.png, id=50, 722.7pt x 722.7pt>
File: afterdlt.png Graphic file (type png)
<use afterdlt.png>
Package pdftex.def Info: afterdlt.png  used on input line 149.
(pdftex.def)             Requested size: 345.0pt x 344.99533pt.

Underfull \hbox (badness 10000) in paragraph at lines 146--150

 []

[6 <./l.png>]
<wraped.png, id=54, 722.7pt x 722.7pt>
File: wraped.png Graphic file (type png)
<use wraped.png>
Package pdftex.def Info: wraped.png  used on input line 164.
(pdftex.def)             Requested size: 345.0pt x 344.99533pt.

Overfull \hbox (46.2233pt too wide) in paragraph at lines 163--165
[]\OT1/cmr/m/n/10 [0.8552535889510352 , 0.9874512075298797 , 1.5357492316427845
 , 1.7922351117891206
 []


Underfull \hbox (badness 10000) in paragraph at lines 163--165

 []

[7 <./afterdlt.png>]
Overfull \hbox (46.2233pt too wide) in paragraph at lines 168--169
[]\OT1/cmr/m/n/10 [0.2822897315796688 , 1.1773835682240874 , 0.6670013865970991
 , 1.1337963387135694
 []

<wraped2.png, id=59, 722.7pt x 722.7pt>
File: wraped2.png Graphic file (type png)
<use wraped2.png>
Package pdftex.def Info: wraped2.png  used on input line 170.
(pdftex.def)             Requested size: 345.0pt x 344.99533pt.

Overfull \hbox (15.0pt too wide) in paragraph at lines 170--171
[][] 
 []


Underfull \hbox (badness 10000) in paragraph at lines 170--171

 []

[8 <./wraped.png>] [9 <./wraped2.png>] (./document.aux) ) 
Here is how much of TeX's memory you used:
 3254 strings out of 480608
 44345 string characters out of 5907536
 539558 words of memory out of 5000000
 19146 multiletter control sequences out of 15000+600000
 537274 words of font info for 40 fonts, out of 8000000 for 9000
 1141 hyphenation exceptions out of 8191
 30i,10n,40p,551b,824s stack positions out of 5000i,500n,10000p,200000b,80000s
{c:/texlive/2020/texmf
-dist/fonts/enc/dvips/cm-super/cm-super-ts1.enc}<c:/texlive/2020/texmf-dist/fon
ts/type1/public/amsfonts/cm/cmbx10.pfb><c:/texlive/2020/texmf-dist/fonts/type1/
public/amsfonts/cm/cmbx12.pfb><c:/texlive/2020/texmf-dist/fonts/type1/public/am
sfonts/cm/cmex10.pfb><c:/texlive/2020/texmf-dist/fonts/type1/public/amsfonts/cm
/cmmi10.pfb><c:/texlive/2020/texmf-dist/fonts/type1/public/amsfonts/cm/cmr10.pf
b><c:/texlive/2020/texmf-dist/fonts/type1/public/amsfonts/cm/cmr12.pfb><c:/texl
ive/2020/texmf-dist/fonts/type1/public/amsfonts/cm/cmr17.pfb><c:/texlive/2020/t
exmf-dist/fonts/type1/public/amsfonts/cm/cmr5.pfb><c:/texlive/2020/texmf-dist/f
onts/type1/public/amsfonts/cm/cmr7.pfb><c:/texlive/2020/texmf-dist/fonts/type1/
public/amsfonts/cm/cmr8.pfb><c:/texlive/2020/texmf-dist/fonts/type1/public/amsf
onts/cm/cmsy10.pfb><c:/texlive/2020/texmf-dist/fonts/type1/public/amsfonts/cm/c
mti10.pfb><c:/texlive/2020/texmf-dist/fonts/type1/public/cm-super/sfrm1000.pfb>

Output written on document.pdf (9 pages, 3829156 bytes).
PDF statistics:
 111 PDF objects out of 1000 (max. 8388607)
 63 compressed objects within 1 object stream
 0 named destinations out of 1000 (max. 500000)
 66 words of extra memory for PDF output out of 10000 (max. 10000000)

